%!Adobe-FontList 1.23
%Locale:0x809

%BeginFont
Handler:DirectoryHandler
FontType:Type1
FontName:BreatheModular-Regular
FamilyName:Breathe Modular
StyleName:Regular
FullName:Breathe Modular Regular
MenuName:Breathe Modular
StyleBits:0
WritingScript:Roman
OutlineFileName:C:\Users\Emily\Breathe Battery Technologies\Marketing - Documents\1. Brand and Website\Development Projects\Q2 2023 Kurppa Hosk\Collateral\Breathe_Product_Value_Proposition_230707_FinalArt\Document fonts\BreatheModular-Regular.otf
DataFormat:sfntData
UsesStandardEncoding:yes
isCFF:yes
hasSVG:no
hasCOLR:no
VariableFontType:NonVariableFont
FileLength:28804
FileModTime:1689697826
WeightClass:400
WidthClass:5
AngleClass:0
NameArray:0,Mac,4,Breathe Modular Regular
NameArray:0,Win,1,Breathe Modular
NameArray:0,Win,16,Breathe Modular
%EndFont

%BeginFont
Handler:DirectoryHandler
FontType:Type1
FontName:KHTeka-Bold
FamilyName:KH Teka
StyleName:Bold
FullName:KH Teka Bold
MenuName:KH Teka
StyleBits:2
WritingScript:Roman
OutlineFileName:C:\Users\Emily\Breathe Battery Technologies\Marketing - Documents\1. Brand and Website\Development Projects\Q2 2023 Kurppa Hosk\Collateral\Breathe_Product_Value_Proposition_230707_FinalArt\Document fonts\KHTeka-Bold.otf
DataFormat:sfntData
UsesStandardEncoding:yes
isCFF:yes
hasSVG:no
hasCOLR:no
VariableFontType:NonVariableFont
FileLength:96960
FileModTime:1689697826
WeightClass:700
WidthClass:5
AngleClass:0
NameArray:0,Mac,4,KH Teka Bold
NameArray:0,Win,1,KH Teka
NameArray:0,Win,16,KH Teka
%EndFont

%BeginFont
Handler:DirectoryHandler
FontType:Type1
FontName:KHTeka-Regular
FamilyName:KH Teka
StyleName:Regular
FullName:KH Teka Regular
MenuName:KH Teka
StyleBits:0
WritingScript:Roman
OutlineFileName:C:\Users\Emily\Breathe Battery Technologies\Marketing - Documents\1. Brand and Website\Development Projects\Q2 2023 Kurppa Hosk\Collateral\Breathe_Product_Value_Proposition_230707_FinalArt\Document fonts\KHTeka-Regular.otf
DataFormat:sfntData
UsesStandardEncoding:yes
isCFF:yes
hasSVG:no
hasCOLR:no
VariableFontType:NonVariableFont
FileLength:94084
FileModTime:1689697826
WeightClass:400
WidthClass:5
AngleClass:0
NameArray:0,Mac,4,KH Teka Regular
NameArray:0,Win,1,KH Teka
NameArray:0,Win,16,KH Teka
%EndFont
