2025-03-08 23:26:02.065 | DEBUG    | import_completer.config:parse_cmd_args:34 - Parsing command line arguments: Namespace(project_paths=[], environment_paths=[], stdlib_paths=[], project_tags=None, environment_tags=None, log_level='DEBUG', log_output=PosixPath('output.log'), symbol='TagsCompleter', no_tags=False, no_imports_cache=False, func=<function <lambda> at 0x7fec7fc65bd0>)
2025-03-08 23:26:02.065 | INFO     | import_completer.imports_cache:load_project_imports:28 - Loading project imports...
2025-03-08 23:26:02.066 | INFO     | import_completer.imports_cache:parse_import_statements_from_file:101 - Parsing imports from file: /home/maniek/prg/py-import-completer/sample_file.py
2025-03-08 23:26:02.066 | INFO     | import_completer.imports_cache:parse_import_statements_from_file:104 - Imports found in '/home/maniek/prg/py-import-completer/sample_file.py': 2
2025-03-08 23:26:02.066 | INFO     | import_completer.imports_cache:parse_import_statements_from_file:101 - Parsing imports from file: /home/maniek/prg/py-import-completer/import_completer/__init__.py
2025-03-08 23:26:02.067 | INFO     | import_completer.imports_cache:parse_import_statements_from_file:104 - Imports found in '/home/maniek/prg/py-import-completer/import_completer/__init__.py': 0
2025-03-08 23:26:02.067 | INFO     | import_completer.imports_cache:parse_import_statements_from_file:101 - Parsing imports from file: /home/maniek/prg/py-import-completer/import_completer/path_resolver.py
2025-03-08 23:26:02.067 | INFO     | import_completer.imports_cache:parse_import_statements_from_file:101 - Parsing imports from file: /home/maniek/prg/py-import-completer/import_completer/tags_generator.py
2025-03-08 23:26:02.067 | INFO     | import_completer.imports_cache:parse_import_statements_from_file:101 - Parsing imports from file: /home/maniek/prg/py-import-completer/import_completer/diagnostics.py
2025-03-08 23:26:02.067 | INFO     | import_completer.imports_cache:parse_import_statements_from_file:101 - Parsing imports from file: /home/maniek/prg/py-import-completer/import_completer/imports_cache.py
2025-03-08 23:26:02.067 | INFO     | import_completer.imports_cache:parse_import_statements_from_file:101 - Parsing imports from file: /home/maniek/prg/py-import-completer/import_completer/types.py
2025-03-08 23:26:02.068 | INFO     | import_completer.imports_cache:parse_import_statements_from_file:104 - Imports found in '/home/maniek/prg/py-import-completer/import_completer/tags_generator.py': 3
2025-03-08 23:26:02.078 | INFO     | import_completer.imports_cache:parse_import_statements_from_file:104 - Imports found in '/home/maniek/prg/py-import-completer/import_completer/path_resolver.py': 3
2025-03-08 23:26:02.079 | INFO     | import_completer.imports_cache:parse_import_statements_from_file:104 - Imports found in '/home/maniek/prg/py-import-completer/import_completer/imports_cache.py': 9
2025-03-08 23:26:02.080 | INFO     | import_completer.imports_cache:parse_import_statements_from_file:104 - Imports found in '/home/maniek/prg/py-import-completer/import_completer/diagnostics.py': 3
2025-03-08 23:26:02.080 | INFO     | import_completer.imports_cache:parse_import_statements_from_file:101 - Parsing imports from file: /home/maniek/prg/py-import-completer/import_completer/completer.py
2025-03-08 23:26:02.080 | INFO     | import_completer.imports_cache:parse_import_statements_from_file:101 - Parsing imports from file: /home/maniek/prg/py-import-completer/import_completer/tags_parser.py
2025-03-08 23:26:02.080 | INFO     | import_completer.imports_cache:parse_import_statements_from_file:101 - Parsing imports from file: /home/maniek/prg/py-import-completer/import_completer/imports_fixer.py
2025-03-08 23:26:02.080 | INFO     | import_completer.imports_cache:parse_import_statements_from_file:101 - Parsing imports from file: /home/maniek/prg/py-import-completer/import_completer/editor.py
2025-03-08 23:26:02.080 | INFO     | import_completer.imports_cache:parse_import_statements_from_file:104 - Imports found in '/home/maniek/prg/py-import-completer/import_completer/types.py': 3
2025-03-08 23:26:02.081 | INFO     | import_completer.imports_cache:parse_import_statements_from_file:101 - Parsing imports from file: /home/maniek/prg/py-import-completer/import_completer/language_server.py
2025-03-08 23:26:02.081 | INFO     | import_completer.imports_cache:parse_import_statements_from_file:101 - Parsing imports from file: /home/maniek/prg/py-import-completer/import_completer/__main__.py
2025-03-08 23:26:02.081 | INFO     | import_completer.imports_cache:parse_import_statements_from_file:101 - Parsing imports from file: /home/maniek/prg/py-import-completer/import_completer/config.py
2025-03-08 23:26:02.082 | INFO     | import_completer.imports_cache:parse_import_statements_from_file:104 - Imports found in '/home/maniek/prg/py-import-completer/import_completer/completer.py': 8
2025-03-08 23:26:02.082 | INFO     | import_completer.imports_cache:parse_import_statements_from_file:104 - Imports found in '/home/maniek/prg/py-import-completer/import_completer/imports_fixer.py': 8
2025-03-08 23:26:02.084 | INFO     | import_completer.imports_cache:parse_import_statements_from_file:104 - Imports found in '/home/maniek/prg/py-import-completer/import_completer/tags_parser.py': 5
2025-03-08 23:26:02.084 | INFO     | import_completer.imports_cache:parse_import_statements_from_file:104 - Imports found in '/home/maniek/prg/py-import-completer/import_completer/editor.py': 2
2025-03-08 23:26:02.085 | INFO     | import_completer.imports_cache:parse_import_statements_from_file:104 - Imports found in '/home/maniek/prg/py-import-completer/import_completer/language_server.py': 18
2025-03-08 23:26:02.086 | INFO     | import_completer.imports_cache:parse_import_statements_from_file:104 - Imports found in '/home/maniek/prg/py-import-completer/import_completer/config.py': 3
2025-03-08 23:26:02.087 | INFO     | import_completer.imports_cache:parse_import_statements_from_file:104 - Imports found in '/home/maniek/prg/py-import-completer/import_completer/__main__.py': 12
2025-03-08 23:26:02.089 | INFO     | import_completer.imports_cache:load_project_imports:31 - Loaded 79 project imports.
2025-03-08 23:26:02.089 | INFO     | import_completer.completer:complete:33 - Completing imports for pattern: TagsCompleter
2025-03-08 23:26:02.089 | DEBUG    | import_completer.tags_parser:get_matching_lines:76 - Executing 'look' command with pattern 'TagsCompleter' and at tag file: tags
2025-03-08 23:26:02.090 | DEBUG    | import_completer.tags_parser:get_matching_lines:76 - Executing 'look' command with pattern 'TagsCompleter' and at tag file: venv_tags
2025-03-08 23:26:02.091 | DEBUG    | import_completer.tags_parser:get_matching_lines:96 - Got 1 matching lines.
2025-03-08 23:26:02.092 | DEBUG    | import_completer.tags_parser:get_matching_lines:86 - No matching lines found.
2025-03-08 23:26:02.092 | DEBUG    | import_completer.tags_parser:to_import_statement:66 - Found import statement for name TagsCompleter (/home/maniek/prg/py-import-completer/import_completer/tags_parser.py) within path /home/maniek/prg/py-import-completer: import_completer.tags_parser [score: 5]
2025-03-08 23:26:02.092 | DEBUG    | import_completer.imports_cache:find:34 - Searching for imports matching 'TagsCompleter'
