INFO:root:========================= Starting program at 2025-10-31 19:12:10.639189
INFO:root:========================= Starting program at 24, 98
INFO:root:Refreshing ...
INFO:root:Refreshing ...
INFO:root:Article:Introducing NodCast: A Text-Based Reading Experience
INFO:root:Refreshing ...
INFO:root:Refreshing ...
INFO:root:========================= Starting program at 2025-11-12 21:52:05.327248
INFO:root:========================= Starting program at 24, 98
INFO:root:Refreshing ...
INFO:root:========================= Starting program at 2025-11-12 21:55:15.920121
INFO:root:========================= Starting program at 24, 98
INFO:root:Refreshing ...
INFO:root:Refreshing ...
INFO:root:Refreshing ...
INFO:root:Refreshing ...
INFO:root:Refreshing ...
INFO:root:Refreshing ...
CRITICAL:root:
Date:2025-11-12 21:55:26.519365
Traceback (most recent call last):
  File "/home/ahmad/.local/bin/nodcast", line 8, in <module>
    sys.exit(main())
             ^^^^^^
  File "/home/ahmad/nodcast/nodcast/nodcast.py", line 5846, in main
    wrapper(start)
  File "/usr/lib/python3.12/curses/__init__.py", line 94, in wrapper
    return func(stdscr, *args, **kwds)
           ^^^^^^^^^^^^^^^^^^^^^^^^^^^
  File "/home/ahmad/nodcast/nodcast/nodcast.py", line 4805, in start
    show_files(save_folder, exts=['*.txt', '*.nctid', "*.listid", '*.yaml', '*.nct','*.pdf','*.list','*.json','*.squad','*.prc'], extract=True)
  File "/home/ahmad/nodcast/nodcast/nodcast.py", line 4955, in show_files
    art = read_article(filepath)
          ^^^^^^^^^^^^^^^^^^^^^^
  File "/home/ahmad/nodcast/nodcast/article.py", line 422, in read_article
    with open(filename, 'r', encoding='utf-8') as infile:
         ^^^^^^^^^^^^^^^^^^^^^^^^^^^^^^^^^^^^^
FileNotFoundError: [Errno 2] No such file or directory: '/home/ahmad/Documents/nodcast/default/Files/test.yaml'
INFO:root:========================= Starting program at 2025-11-12 21:57:05.775324
INFO:root:========================= Starting program at 24, 98
INFO:root:Refreshing ...
INFO:root:Refreshing ...
INFO:root:Refreshing ...
INFO:root:Refreshing ...
INFO:root:Refreshing ...
INFO:root:Refreshing ...
CRITICAL:root:
Date:2025-11-12 21:57:34.240899
Traceback (most recent call last):
  File "/home/ahmad/.local/bin/nodcast", line 8, in <module>
    sys.exit(main())
             ^^^^^^
  File "/home/ahmad/nodcast/nodcast/nodcast.py", line 5845, in main
    wrapper(start)
  File "/usr/lib/python3.12/curses/__init__.py", line 94, in wrapper
    return func(stdscr, *args, **kwds)
           ^^^^^^^^^^^^^^^^^^^^^^^^^^^
  File "/home/ahmad/nodcast/nodcast/nodcast.py", line 4805, in start
    show_files(save_folder, exts=['*.txt', '*.nctid', "*.listid", '*.yaml', '*.nct','*.pdf','*.list','*.json','*.squad','*.prc'], extract=True)
  File "/home/ahmad/nodcast/nodcast/nodcast.py", line 4955, in show_files
    art = read_article(filepath)
          ^^^^^^^^^^^^^^^^^^^^^^
  File "/home/ahmad/nodcast/nodcast/article.py", line 422, in read_article
    with open(filename, 'r', encoding='utf-8') as infile:
         ^^^^^^^^^^^^^^^^^^^^^^^^^^^^^^^^^^^^^
FileNotFoundError: [Errno 2] No such file or directory: '/home/ahmad/Documents/nodcast/default/Files/test.yaml'
INFO:root:========================= Starting program at 2025-11-12 21:58:49.123647
INFO:root:========================= Starting program at 24, 98
INFO:root:Refreshing ...
INFO:root:Refreshing ...
INFO:root:Refreshing ...
INFO:root:Refreshing ...
INFO:root:Refreshing ...
INFO:root:Refreshing ...
INFO:root:Article:Untitled
INFO:root:Refreshing ...
INFO:root:Refreshing ...
INFO:root:Refreshing ...
INFO:root:========================= Starting program at 2025-11-12 22:34:26.199171
INFO:root:========================= Starting program at 24, 98
INFO:root:Refreshing ...
INFO:root:Refreshing ...
INFO:root:Article:Untitled
INFO:root:Refreshing ...
INFO:root:Refreshing ...
INFO:root:Refreshing ...
INFO:root:Refreshing ...
INFO:root:Refreshing ...
INFO:root:Article:Untitled
INFO:root:Refreshing ...
INFO:root:Refreshing ...
INFO:root:Refreshing ...
